{"logLevel":"debug","message":"multithreading is set to false"}
{"logLevel":"debug","message":"Using reflection to scan dependencies for gauge implementations..."}
SLF4J: Failed to load class "org.slf4j.impl.StaticLoggerBinder".
SLF4J: Defaulting to no-operation (NOP) logger implementation
SLF4J: See http://www.slf4j.org/codes.html#StaticLoggerBinder for further details.
{"logLevel":"debug","message":"gauge-java took 862milliseconds to load and scan. This should be less than 'runner_connection_timeout' config value."}
{"logLevel":"debug","message":"run 'gauge config runner_connection_timeout' and verify that it is < 862"}
{"logLevel":"debug","message":"starting gRPC server..."}
{"logLevel":"debug","message":"started gRPC server on port 53582"}
{"logLevel":"info","message":"Listening on port:53582"}
{"logLevel":"debug","message":"Scanning packages for steps"}
{"logLevel":"debug","message":"Comparing 'com.testinium.thy.StepImplementation.tarihBelirle' and 'com.testinium.thy.StepImplementation.tarihBelirle'"}
{"logLevel":"debug","message":"Found Ucus tarihi belirle in current project scope."}
{"logLevel":"debug","message":"Comparing 'com.testinium.thy.StepImplementation.ucusYonleriniSec' and 'com.testinium.thy.StepImplementation.ucusYonleriniSec'"}
{"logLevel":"debug","message":"Found Nereden nereye gidilecek in current project scope."}
{"logLevel":"debug","message":"Comparing 'com.testinium.thy.StepImplementation.ucusAra' and 'com.testinium.thy.StepImplementation.ucusAra'"}
{"logLevel":"debug","message":"Found Uygun ucus ara in current project scope."}
{"logLevel":"debug","message":"Comparing 'com.testinium.thy.StepImplementation.ucusSec' and 'com.testinium.thy.StepImplementation.ucusSec'"}
{"logLevel":"debug","message":"Found Ucus Sec in current project scope."}
{"logLevel":"debug","message":"Comparing 'com.testinium.thy.BaseTest.waitBySeconds' and 'com.testinium.thy.BaseTest.waitBySeconds'"}
{"logLevel":"debug","message":"Found {} saniye bekle in current project scope."}
{"logLevel":"debug","message":"Comparing 'com.testinium.thy.StepImplementation.uygulamaAc' and 'com.testinium.thy.StepImplementation.uygulamaAc'"}
{"logLevel":"debug","message":"Found Thy Uygulamasını Aç in current project scope."}
{"logLevel":"debug","message":"Comparing 'com.testinium.thy.StepImplementation.biletAl' and 'com.testinium.thy.StepImplementation.biletAl'"}
{"logLevel":"debug","message":"Found Bilet Al Butonu tıkla in current project scope."}
{"logLevel":"debug","message":"Comparing 'com.testinium.thy.StepImplementation.yolcuArttır' and 'com.testinium.thy.StepImplementation.yolcuArttır'"}
{"logLevel":"debug","message":"Found Yolcu sayısı arttır in current project scope."}
{"logLevel":"debug","message":"Comparing 'com.testinium.thy.StepImplementation.tekYonSec' and 'com.testinium.thy.StepImplementation.tekYonSec'"}
{"logLevel":"debug","message":"Found Tek yon sec in current project scope."}
{"logLevel":"debug","message":"Scanning packages for hooks"}
{"logLevel":"debug","message":"Scanned steps (using static parsing + reflections): "}
{"logLevel":"debug","message":"\t{} saniye bekle : public void waitBySeconds(ınt seconds)"}
{"logLevel":"debug","message":"\tBilet Al Butonu tıkla : public void biletAl()"}
{"logLevel":"debug","message":"\tYolcu sayısı arttır : public void yolcuArttır()"}
{"logLevel":"debug","message":"\tUcus Sec : public void ucusSec()"}
{"logLevel":"debug","message":"\tThy Uygulamasını Aç : public void uygulamaAc()"}
{"logLevel":"debug","message":"\tUcus tarihi belirle : public void tarihBelirle()"}
{"logLevel":"debug","message":"\tUygun ucus ara : public void ucusAra()"}
{"logLevel":"debug","message":"\tNereden nereye gidilecek : public void ucusYonleriniSec()"}
{"logLevel":"debug","message":"\tTek yon sec : public void tekYonSec()"}
Ağu 18, 2020 11:17:59 AM io.appium.java_client.remote.AppiumCommandExecutor$1 lambda$0
INFO: Detected dialect: W3C
{"logLevel":"debug","message":"Executing 'Thy Uygulamasını Aç' using 'class com.testinium.thy.StepImplementation.uygulamaAc"}
{"logLevel":"debug","message":"Executing '{} saniye bekle' using 'class com.testinium.thy.BaseTest.waitBySeconds"}
{"logLevel":"debug","message":"Executing 'Bilet Al Butonu tıkla' using 'class com.testinium.thy.StepImplementation.biletAl"}
{"logLevel":"debug","message":"Executing '{} saniye bekle' using 'class com.testinium.thy.BaseTest.waitBySeconds"}
{"logLevel":"debug","message":"Executing 'Tek yon sec' using 'class com.testinium.thy.StepImplementation.tekYonSec"}
{"logLevel":"debug","message":"Executing '{} saniye bekle' using 'class com.testinium.thy.BaseTest.waitBySeconds"}
{"logLevel":"debug","message":"Executing 'Nereden nereye gidilecek' using 'class com.testinium.thy.StepImplementation.ucusYonleriniSec"}
{"logLevel":"debug","message":"Executing '{} saniye bekle' using 'class com.testinium.thy.BaseTest.waitBySeconds"}
{"logLevel":"debug","message":"Executing 'Ucus tarihi belirle' using 'class com.testinium.thy.StepImplementation.tarihBelirle"}
{"logLevel":"debug","message":"Executing '{} saniye bekle' using 'class com.testinium.thy.BaseTest.waitBySeconds"}
{"logLevel":"debug","message":"Executing 'Yolcu sayısı arttır' using 'class com.testinium.thy.StepImplementation.yolcuArttır"}
{"logLevel":"debug","message":"Executing '{} saniye bekle' using 'class com.testinium.thy.BaseTest.waitBySeconds"}
{"logLevel":"debug","message":"Executing 'Uygun ucus ara' using 'class com.testinium.thy.StepImplementation.ucusAra"}
{"logLevel":"debug","message":"Executing '{} saniye bekle' using 'class com.testinium.thy.BaseTest.waitBySeconds"}
{"logLevel":"debug","message":"Executing 'Ucus Sec' using 'class com.testinium.thy.StepImplementation.ucusSec"}
{"logLevel":"debug","message":"Executing '{} saniye bekle' using 'class com.testinium.thy.BaseTest.waitBySeconds"}
